app/build/outputs/logs/manifest-merger-release-report.txt
-- Merging decision tree log ---
manifest
ADDED from src\main\AndroidManifest.xml:2:1-302:12
	package
		ADDED from src\main\AndroidManifest.xml:3:5-45
		INJECTED from src\main\AndroidManifest.xml
		INJECTED from src\main\AndroidManifest.xml
	android:versionName
		ADDED from src\main\AndroidManifest.xml:5:5-30
		INJECTED from src\main\AndroidManifest.xml
		INJECTED from src\main\AndroidManifest.xml
	android:versionCode
		ADDED from src\main\AndroidManifest.xml:4:5-28
		INJECTED from src\main\AndroidManifest.xml
		INJECTED from src\main\AndroidManifest.xml
	xmlns:android
		ADDED from src\main\AndroidManifest.xml:2:11-69
uses-sdk
ADDED from src\main\AndroidManifest.xml:7:5-9:41
MERGED from [com.google.android.gms:play-services:7.8.0] AndroidManifest.xml:18:5-42
MERGED from [com.google.android.gms:play-services-ads:7.8.0] AndroidManifest.xml:23:5-42
MERGED from [com.google.android.gms:play-services-analytics:7.8.0] AndroidManifest.xml:18:5-42
MERGED from [com.google.android.gms:play-services-appindexing:7.8.0] AndroidManifest.xml:18:5-42
MERGED from [com.google.android.gms:play-services-appinvite:7.8.0] AndroidManifest.xml:18:5-42
MERGED from [com.google.android.gms:play-services-appstate:7.8.0] AndroidManifest.xml:18:5-42
MERGED from [com.google.android.gms:play-services-cast:7.8.0] AndroidManifest.xml:18:5-42
MERGED from [com.android.support:mediarouter-v7:22.2.0] AndroidManifest.xml:20:5-43
MERGED from [com.google.android.gms:play-services-fitness:7.8.0] AndroidManifest.xml:18:5-42
MERGED from [com.google.android.gms:play-services-games:7.8.0] AndroidManifest.xml:18:5-42
MERGED from [com.google.android.gms:play-services-drive:7.8.0] AndroidManifest.xml:18:5-42
MERGED from [com.google.android.gms:play-services-gcm:7.8.0] AndroidManifest.xml:18:5-42
MERGED from [com.google.android.gms:play-services-location:7.8.0] AndroidManifest.xml:18:5-42
MERGED from [com.google.android.gms:play-services-nearby:7.8.0] AndroidManifest.xml:18:5-42
MERGED from [com.google.android.gms:play-services-panorama:7.8.0] AndroidManifest.xml:18:5-42
MERGED from [com.google.android.gms:play-services-plus:7.8.0] AndroidManifest.xml:18:5-42
MERGED from [com.google.android.gms:play-services-safetynet:7.8.0] AndroidManifest.xml:18:5-42
MERGED from [com.google.android.gms:play-services-vision:7.8.0] AndroidManifest.xml:4:5-42
MERGED from [com.google.android.gms:play-services-wallet:7.8.0] AndroidManifest.xml:19:5-42
MERGED from [com.google.android.gms:play-services-identity:7.8.0] AndroidManifest.xml:18:5-42
MERGED from [com.google.android.gms:play-services-maps:7.8.0] AndroidManifest.xml:27:5-42
MERGED from [com.google.android.gms:play-services-wearable:7.8.0] AndroidManifest.xml:18:5-42
MERGED from [com.google.android.gms:play-services-base:7.8.0] AndroidManifest.xml:18:5-42
MERGED from [com.android.support:support-v13:23.0.1] AndroidManifest.xml:20:5-44
MERGED from [com.android.support:design:23.0.1] AndroidManifest.xml:20:5-43
MERGED from [com.android.support:appcompat-v7:23.0.1] AndroidManifest.xml:20:5-43
MERGED from [com.android.support:recyclerview-v7:23.0.1] AndroidManifest.xml:20:5-43
MERGED from [com.android.support:cardview-v7:23.0.1] AndroidManifest.xml:20:5-43
MERGED from [com.android.support:multidex:1.0.1] AndroidManifest.xml:18:5-42
MERGED from [com.android.support.constraint:constraint-layout:1.0.0-alpha1] AndroidManifest.xml:5:5-7:41
MERGED from [com.android.support:palette-v7:23.0.1] AndroidManifest.xml:20:5-43
MERGED from [com.android.support:support-v4:23.0.1] AndroidManifest.xml:20:5-43
MERGED from [com.github.clans:fab:1.6.4] AndroidManifest.xml:8:5-10:41
	android:targetSdkVersion
		ADDED from src\main\AndroidManifest.xml:9:9-38
		INJECTED from src\main\AndroidManifest.xml
		INJECTED from src\main\AndroidManifest.xml
	android:minSdkVersion
		ADDED from src\main\AndroidManifest.xml:8:9-35
		INJECTED from src\main\AndroidManifest.xml
		INJECTED from src\main\AndroidManifest.xml
uses-permission#android.permission.MOUNT_UNMOUNT_FILESYSTEMS
ADDED from src\main\AndroidManifest.xml:12:5-84
	android:name
		ADDED from src\main\AndroidManifest.xml:12:22-81
uses-permission#android.permission.READ_EXTERNAL_STORAGE
ADDED from src\main\AndroidManifest.xml:14:5-80
	android:name
		ADDED from src\main\AndroidManifest.xml:14:22-77
uses-permission#android.permission.CAMERA
ADDED from src\main\AndroidManifest.xml:16:3-62
	android:name
		ADDED from src\main\AndroidManifest.xml:16:20-60
uses-permission#android.permission.ACCESS_WIFI_STATE
ADDED from src\main\AndroidManifest.xml:17:5-18:23
	android:name
		ADDED from src\main\AndroidManifest.xml:17:22-73
uses-permission#android.permission.CHANGE_WIFI_STATE
ADDED from src\main\AndroidManifest.xml:19:5-20:23
	android:name
		ADDED from src\main\AndroidManifest.xml:19:22-73
uses-permission#android.permission.RECORD_AUDIO
ADDED from src\main\AndroidManifest.xml:23:5-24:23
	android:name
		ADDED from src\main\AndroidManifest.xml:23:22-68
uses-permission#android.permission.ACCESS_NETWORK_STATE
ADDED from src\main\AndroidManifest.xml:25:5-79
MERGED from [com.google.android.gms:play-services-ads:7.8.0] AndroidManifest.xml:21:5-78
MERGED from [com.google.android.gms:play-services-analytics:7.8.0] AndroidManifest.xml:22:5-79
MERGED from [com.google.android.gms:play-services-nearby:7.8.0] AndroidManifest.xml:19:5-79
MERGED from [com.google.android.gms:play-services-maps:7.8.0] AndroidManifest.xml:20:5-78
	android:name
		ADDED from src\main\AndroidManifest.xml:25:22-76
uses-permission#android.permission.WRITE_EXTERNAL_STORAGE
ADDED from src\main\AndroidManifest.xml:26:5-81
MERGED from [com.google.android.gms:play-services-maps:7.8.0] AndroidManifest.xml:22:5-80
	android:name
		ADDED from src\main\AndroidManifest.xml:26:22-78
uses-permission#android.permission.DISABLE_KEYGUARD
ADDED from src\main\AndroidManifest.xml:27:5-75
	android:name
		ADDED from src\main\AndroidManifest.xml:27:22-72
uses-permission#android.permission.READ_PHONE_STATE
ADDED from src\main\AndroidManifest.xml:28:5-75
	android:name
		ADDED from src\main\AndroidManifest.xml:28:22-72
uses-permission#android.permission.MODIFY_AUDIO_SETTINGS
ADDED from src\main\AndroidManifest.xml:29:5-80
	android:name
		ADDED from src\main\AndroidManifest.xml:29:22-77
uses-permission#android.permission.INTERNET
ADDED from src\main\AndroidManifest.xml:35:5-67
MERGED from [com.google.android.gms:play-services-ads:7.8.0] AndroidManifest.xml:20:5-66
MERGED from [com.google.android.gms:play-services-analytics:7.8.0] AndroidManifest.xml:21:5-67
MERGED from [com.google.android.gms:play-services-appinvite:7.8.0] AndroidManifest.xml:19:5-67
MERGED from [com.google.android.gms:play-services-gcm:7.8.0] AndroidManifest.xml:22:5-67
MERGED from [com.google.android.gms:play-services-wallet:7.8.0] AndroidManifest.xml:20:5-66
MERGED from [com.google.android.gms:play-services-maps:7.8.0] AndroidManifest.xml:21:5-66
	android:name
		ADDED from src\main\AndroidManifest.xml:35:22-64
uses-permission#android.permission.GET_ACCOUNTS
ADDED from src\main\AndroidManifest.xml:38:5-71
MERGED from [com.google.android.gms:play-services-wallet:7.8.0] AndroidManifest.xml:21:5-70
	android:name
		ADDED from src\main\AndroidManifest.xml:38:22-68
uses-permission#android.permission.WAKE_LOCK
ADDED from src\main\AndroidManifest.xml:41:5-68
	android:name
		ADDED from src\main\AndroidManifest.xml:41:22-65
uses-permission#com.google.android.providers.gsf.permission.READ_GSERVICES
ADDED from src\main\AndroidManifest.xml:43:5-98
	android:name
		ADDED from src\main\AndroidManifest.xml:43:22-95
uses-permission#android.permission.READ_CONTACTS
ADDED from src\main\AndroidManifest.xml:50:5-71
	android:name
		ADDED from src\main\AndroidManifest.xml:50:22-69
permission#ec.com.yacare.y4all.activities.permission.C2D_MESSAGE
ADDED from src\main\AndroidManifest.xml:51:5-53:47
	android:protectionLevel
		ADDED from src\main\AndroidManifest.xml:53:9-44
	android:name
		ADDED from src\main\AndroidManifest.xml:52:9-77
uses-permission#ec.com.yacare.y4all.activities.permission.C2D_MESSAGE
ADDED from src\main\AndroidManifest.xml:55:5-93
	android:name
		ADDED from src\main\AndroidManifest.xml:55:22-90
uses-permission#com.google.android.c2dm.permission.RECEIVE
ADDED from src\main\AndroidManifest.xml:58:5-82
MERGED from [com.google.android.gms:play-services-gcm:7.8.0] AndroidManifest.xml:21:5-82
	android:name
		ADDED from src\main\AndroidManifest.xml:58:22-79
application
ADDED from src\main\AndroidManifest.xml:60:5-301:19
MERGED from [com.google.android.gms:play-services:7.8.0] AndroidManifest.xml:19:5-20
MERGED from [com.google.android.gms:play-services-ads:7.8.0] AndroidManifest.xml:24:5-32:19
MERGED from [com.google.android.gms:play-services-analytics:7.8.0] AndroidManifest.xml:24:5-20
MERGED from [com.google.android.gms:play-services-appindexing:7.8.0] AndroidManifest.xml:19:5-20
MERGED from [com.google.android.gms:play-services-appinvite:7.8.0] AndroidManifest.xml:20:5-20
MERGED from [com.google.android.gms:play-services-appstate:7.8.0] AndroidManifest.xml:19:5-20
MERGED from [com.google.android.gms:play-services-cast:7.8.0] AndroidManifest.xml:19:5-20
MERGED from [com.android.support:mediarouter-v7:22.2.0] AndroidManifest.xml:22:5-20
MERGED from [com.google.android.gms:play-services-fitness:7.8.0] AndroidManifest.xml:19:5-20
MERGED from [com.google.android.gms:play-services-games:7.8.0] AndroidManifest.xml:19:5-20
MERGED from [com.google.android.gms:play-services-drive:7.8.0] AndroidManifest.xml:19:5-20
MERGED from [com.google.android.gms:play-services-gcm:7.8.0] AndroidManifest.xml:24:5-20
MERGED from [com.google.android.gms:play-services-location:7.8.0] AndroidManifest.xml:19:5-20
MERGED from [com.google.android.gms:play-services-nearby:7.8.0] AndroidManifest.xml:20:5-20
MERGED from [com.google.android.gms:play-services-panorama:7.8.0] AndroidManifest.xml:19:5-20
MERGED from [com.google.android.gms:play-services-plus:7.8.0] AndroidManifest.xml:19:5-20
MERGED from [com.google.android.gms:play-services-safetynet:7.8.0] AndroidManifest.xml:19:5-20
MERGED from [com.google.android.gms:play-services-vision:7.8.0] AndroidManifest.xml:5:5-20
MERGED from [com.google.android.gms:play-services-identity:7.8.0] AndroidManifest.xml:19:5-20
MERGED from [com.google.android.gms:play-services-maps:7.8.0] AndroidManifest.xml:28:5-20
MERGED from [com.google.android.gms:play-services-wearable:7.8.0] AndroidManifest.xml:19:5-20
MERGED from [com.google.android.gms:play-services-base:7.8.0] AndroidManifest.xml:20:5-24:19
MERGED from [com.android.support:support-v13:23.0.1] AndroidManifest.xml:22:5-20
MERGED from [com.android.support:design:23.0.1] AndroidManifest.xml:22:5-20
MERGED from [com.android.support:appcompat-v7:23.0.1] AndroidManifest.xml:22:5-20
MERGED from [com.android.support:cardview-v7:23.0.1] AndroidManifest.xml:22:5-20
MERGED from [com.android.support.constraint:constraint-layout:1.0.0-alpha1] AndroidManifest.xml:9:5-20
MERGED from [com.android.support:palette-v7:23.0.1] AndroidManifest.xml:22:5-23:19
MERGED from [com.android.support:support-v4:23.0.1] AndroidManifest.xml:22:5-20
MERGED from [com.github.clans:fab:1.6.4] AndroidManifest.xml:12:5-20
	android:label
		ADDED from src\main\AndroidManifest.xml:67:9-31
	android:supportsRtl
		ADDED from src\main\AndroidManifest.xml:63:9-35
	android:allowBackup
		ADDED from src\main\AndroidManifest.xml:62:9-35
	android:icon
		ADDED from src\main\AndroidManifest.xml:64:9-39
	android:largeHeap
		ADDED from src\main\AndroidManifest.xml:65:9-33
	android:theme
		ADDED from src\main\AndroidManifest.xml:66:9-40
	android:name
		ADDED from src\main\AndroidManifest.xml:61:9-70
meta-data#com.google.android.gms.vision.DEPENDENCIES
ADDED from src\main\AndroidManifest.xml:69:9-100
	android:value
		ADDED from src\main\AndroidManifest.xml:69:78-98
	android:name
		ADDED from src\main\AndroidManifest.xml:69:20-77
meta-data#com.google.android.gms.version
ADDED from src\main\AndroidManifest.xml:72:9-74:69
MERGED from [com.google.android.gms:play-services-base:7.8.0] AndroidManifest.xml:21:9-23:69
	android:value
		ADDED from src\main\AndroidManifest.xml:74:13-66
	android:name
		ADDED from src\main\AndroidManifest.xml:73:13-58
meta-data#com.google.android.maps.v2.API_KEY
ADDED from src\main\AndroidManifest.xml:75:9-77:71
	android:value
		ADDED from src\main\AndroidManifest.xml:77:13-68
	android:name
		ADDED from src\main\AndroidManifest.xml:76:13-62
activity#ec.com.yacare.y4all.activities.SplashActivity
ADDED from src\main\AndroidManifest.xml:90:9-99:20
	android:noHistory
		ADDED from src\main\AndroidManifest.xml:92:13-37
	android:configChanges
		ADDED from src\main\AndroidManifest.xml:93:13-59
	android:theme
		ADDED from src\main\AndroidManifest.xml:94:13-47
	android:name
		ADDED from src\main\AndroidManifest.xml:91:13-73
intent-filter#android.intent.action.MAIN+android.intent.category.LAUNCHER
ADDED from src\main\AndroidManifest.xml:95:13-98:29
action#android.intent.action.MAIN
ADDED from src\main\AndroidManifest.xml:96:17-69
	android:name
		ADDED from src\main\AndroidManifest.xml:96:25-66
category#android.intent.category.LAUNCHER
ADDED from src\main\AndroidManifest.xml:97:17-77
	android:name
		ADDED from src\main\AndroidManifest.xml:97:27-74
activity#ec.com.yacare.y4all.activities.principal.Y4HomeActivity
ADDED from src\main\AndroidManifest.xml:101:9-106:20
	android:windowSoftInputMode
		ADDED from src\main\AndroidManifest.xml:103:13-74
	android:configChanges
		ADDED from src\main\AndroidManifest.xml:104:13-59
	android:theme
		ADDED from src\main\AndroidManifest.xml:105:13-44
	android:name
		ADDED from src\main\AndroidManifest.xml:102:13-53
activity#ec.com.yacare.y4all.activities.socket.MonitorIOActivity
ADDED from src\main\AndroidManifest.xml:107:9-112:20
	android:windowSoftInputMode
		ADDED from src\main\AndroidManifest.xml:109:13-74
	android:configChanges
		ADDED from src\main\AndroidManifest.xml:110:13-59
	android:theme
		ADDED from src\main\AndroidManifest.xml:111:13-44
	android:name
		ADDED from src\main\AndroidManifest.xml:108:13-53
activity#ec.com.yacare.y4all.activities.InicioActivity
ADDED from src\main\AndroidManifest.xml:113:9-118:20
	android:noHistory
		ADDED from src\main\AndroidManifest.xml:115:13-37
	android:configChanges
		ADDED from src\main\AndroidManifest.xml:116:13-59
	android:theme
		ADDED from src\main\AndroidManifest.xml:117:13-44
	android:name
		ADDED from src\main\AndroidManifest.xml:114:13-73
activity#ec.com.yacare.y4all.activities.LoginActivity
ADDED from src\main\AndroidManifest.xml:119:9-126:20
	android:label
		ADDED from src\main\AndroidManifest.xml:124:13-53
	android:noHistory
		ADDED from src\main\AndroidManifest.xml:125:13-37
	android:windowSoftInputMode
		ADDED from src\main\AndroidManifest.xml:123:13-60
	android:configChanges
		ADDED from src\main\AndroidManifest.xml:122:13-59
	android:theme
		ADDED from src\main\AndroidManifest.xml:121:13-44
	android:name
		ADDED from src\main\AndroidManifest.xml:120:13-72
activity#ec.com.yacare.y4all.activities.instalacion.InstalarEquipoActivity
ADDED from src\main\AndroidManifest.xml:127:9-133:20
	android:label
		ADDED from src\main\AndroidManifest.xml:131:13-66
	android:windowSoftInputMode
		ADDED from src\main\AndroidManifest.xml:129:13-60
	android:configChanges
		ADDED from src\main\AndroidManifest.xml:130:13-59
	android:theme
		ADDED from src\main\AndroidManifest.xml:132:13-44
	android:name
		ADDED from src\main\AndroidManifest.xml:128:13-93
activity#ec.com.yacare.y4all.activities.luces.ColoresAmbienteActivity
ADDED from src\main\AndroidManifest.xml:134:9-138:20
	android:configChanges
		ADDED from src\main\AndroidManifest.xml:136:13-59
	android:theme
		ADDED from src\main\AndroidManifest.xml:137:13-44
	android:name
		ADDED from src\main\AndroidManifest.xml:135:13-88
activity#ec.com.yacare.y4all.activities.dispositivo.DispositivoActivity
ADDED from src\main\AndroidManifest.xml:139:9-143:20
	android:windowSoftInputMode
		ADDED from src\main\AndroidManifest.xml:141:13-74
	android:theme
		ADDED from src\main\AndroidManifest.xml:142:13-44
	android:name
		ADDED from src\main\AndroidManifest.xml:140:13-90
activity#ec.com.yacare.y4all.activities.cuenta.IngresarClaveActivity
ADDED from src\main\AndroidManifest.xml:144:9-151:20
	android:label
		ADDED from src\main\AndroidManifest.xml:148:13-38
	android:noHistory
		ADDED from src\main\AndroidManifest.xml:149:13-37
	android:windowSoftInputMode
		ADDED from src\main\AndroidManifest.xml:146:13-60
	android:configChanges
		ADDED from src\main\AndroidManifest.xml:147:13-59
	android:theme
		ADDED from src\main\AndroidManifest.xml:150:13-44
	android:name
		ADDED from src\main\AndroidManifest.xml:145:13-87
activity#ec.com.yacare.y4all.activities.evento.EventosActivity
ADDED from src\main\AndroidManifest.xml:152:9-156:20
	android:configChanges
		ADDED from src\main\AndroidManifest.xml:154:13-59
	android:theme
		ADDED from src\main\AndroidManifest.xml:155:13-44
	android:name
		ADDED from src\main\AndroidManifest.xml:153:13-81
activity#ec.com.yacare.y4all.activities.recomendacion.RecomendarActivity
ADDED from src\main\AndroidManifest.xml:157:9-161:20
	android:configChanges
		ADDED from src\main\AndroidManifest.xml:159:13-59
	android:theme
		ADDED from src\main\AndroidManifest.xml:160:13-44
	android:name
		ADDED from src\main\AndroidManifest.xml:158:13-91
activity#ec.com.yacare.y4all.activities.evento.ImageSliderActivity
ADDED from src\main\AndroidManifest.xml:162:9-165:20
	android:theme
		ADDED from src\main\AndroidManifest.xml:164:13-66
	android:name
		ADDED from src\main\AndroidManifest.xml:163:13-85
activity#ec.com.yacare.y4all.activities.respuesta.AdministrarRespuestasActivity
ADDED from src\main\AndroidManifest.xml:166:9-170:20
	android:configChanges
		ADDED from src\main\AndroidManifest.xml:168:13-59
	android:theme
		ADDED from src\main\AndroidManifest.xml:169:13-44
	android:name
		ADDED from src\main\AndroidManifest.xml:167:13-98
activity#ec.com.yacare.y4all.activities.respuesta.NuevaRespuestaActivity
ADDED from src\main\AndroidManifest.xml:171:9-176:20
	android:windowSoftInputMode
		ADDED from src\main\AndroidManifest.xml:175:13-60
	android:configChanges
		ADDED from src\main\AndroidManifest.xml:174:13-59
	android:theme
		ADDED from src\main\AndroidManifest.xml:173:13-44
	android:name
		ADDED from src\main\AndroidManifest.xml:172:13-61
activity#ec.com.yacare.y4all.activities.focos.calendar.BasicActivity
ADDED from src\main\AndroidManifest.xml:178:9-181:20
	android:theme
		ADDED from src\main\AndroidManifest.xml:180:13-45
	android:name
		ADDED from src\main\AndroidManifest.xml:179:13-87
activity#ec.com.yacare.y4all.activities.luces.LucesFragment
ADDED from src\main\AndroidManifest.xml:182:9-186:20
	android:configChanges
		ADDED from src\main\AndroidManifest.xml:184:13-59
	android:theme
		ADDED from src\main\AndroidManifest.xml:185:13-44
	android:name
		ADDED from src\main\AndroidManifest.xml:183:13-78
activity#ec.com.yacare.y4all.activities.luces.DetalleLucesFragment
ADDED from src\main\AndroidManifest.xml:187:9-192:20
	android:windowSoftInputMode
		ADDED from src\main\AndroidManifest.xml:190:13-60
	android:configChanges
		ADDED from src\main\AndroidManifest.xml:189:13-59
	android:theme
		ADDED from src\main\AndroidManifest.xml:191:13-44
	android:name
		ADDED from src\main\AndroidManifest.xml:188:13-85
activity#ec.com.yacare.y4all.activities.focos.ProgramacionActivity
ADDED from src\main\AndroidManifest.xml:193:9-197:20
	android:configChanges
		ADDED from src\main\AndroidManifest.xml:195:13-59
	android:theme
		ADDED from src\main\AndroidManifest.xml:196:13-45
	android:name
		ADDED from src\main\AndroidManifest.xml:194:13-85
activity#ec.com.yacare.y4all.activities.PreferenciasActivity
ADDED from src\main\AndroidManifest.xml:198:9-203:20
	android:windowSoftInputMode
		ADDED from src\main\AndroidManifest.xml:200:13-60
	android:configChanges
		ADDED from src\main\AndroidManifest.xml:201:13-59
	android:theme
		ADDED from src\main\AndroidManifest.xml:202:13-44
	android:name
		ADDED from src\main\AndroidManifest.xml:199:13-79
activity#ec.com.yacare.y4all.activities.focos.calendar.CalendarioFragment
ADDED from src\main\AndroidManifest.xml:204:9-208:20
	android:configChanges
		ADDED from src\main\AndroidManifest.xml:206:13-59
	android:theme
		ADDED from src\main\AndroidManifest.xml:207:13-44
	android:name
		ADDED from src\main\AndroidManifest.xml:205:13-92
activity#ec.com.yacare.y4all.activities.evento.PlayVideoActivity
ADDED from src\main\AndroidManifest.xml:209:9-213:20
	android:label
		ADDED from src\main\AndroidManifest.xml:211:13-46
	android:theme
		ADDED from src\main\AndroidManifest.xml:212:13-49
	android:name
		ADDED from src\main\AndroidManifest.xml:210:13-53
activity#ec.com.yacare.y4all.activities.cuenta.CuentaActivity
ADDED from src\main\AndroidManifest.xml:215:9-218:20
	android:theme
		ADDED from src\main\AndroidManifest.xml:217:13-44
	android:name
		ADDED from src\main\AndroidManifest.xml:216:13-80
activity#ec.com.yacare.y4all.activities.dispositivo.ChatActivity
ADDED from src\main\AndroidManifest.xml:219:7-224:20
	android:label
		ADDED from src\main\AndroidManifest.xml:221:13-33
	android:noHistory
		ADDED from src\main\AndroidManifest.xml:223:13-37
	android:theme
		ADDED from src\main\AndroidManifest.xml:222:13-60
	android:name
		ADDED from src\main\AndroidManifest.xml:220:13-83
activity#ec.com.yacare.y4all.activities.dispositivo.MapaActivity
ADDED from src\main\AndroidManifest.xml:226:9-231:20
	android:label
		ADDED from src\main\AndroidManifest.xml:228:13-33
	android:noHistory
		ADDED from src\main\AndroidManifest.xml:230:13-37
	android:theme
		ADDED from src\main\AndroidManifest.xml:229:13-60
	android:name
		ADDED from src\main\AndroidManifest.xml:227:13-83
activity#ec.com.yacare.y4all.activities.portero.EtiquetarVisitanteActivity
ADDED from src\main\AndroidManifest.xml:232:9-236:20
	android:label
		ADDED from src\main\AndroidManifest.xml:234:13-47
	android:theme
		ADDED from src\main\AndroidManifest.xml:235:13-60
	android:name
		ADDED from src\main\AndroidManifest.xml:233:13-93
activity#ec.com.yacare.y4all.activities.dispositivo.LlamadaEntranteActivity
ADDED from src\main\AndroidManifest.xml:237:9-241:20
	android:configChanges
		ADDED from src\main\AndroidManifest.xml:239:13-59
	android:theme
		ADDED from src\main\AndroidManifest.xml:240:13-60
	android:name
		ADDED from src\main\AndroidManifest.xml:238:13-94
activity#ec.com.yacare.y4all.activities.dispositivo.LlamadaActivity
ADDED from src\main\AndroidManifest.xml:242:9-247:20
	android:screenOrientation
		ADDED from src\main\AndroidManifest.xml:245:13-49
	android:configChanges
		ADDED from src\main\AndroidManifest.xml:244:13-59
	android:theme
		ADDED from src\main\AndroidManifest.xml:246:13-60
	android:name
		ADDED from src\main\AndroidManifest.xml:243:13-86
activity#ec.com.yacare.y4all.activities.dispositivo.BuscarTelefonoActivity
ADDED from src\main\AndroidManifest.xml:248:9-252:20
	android:screenOrientation
		ADDED from src\main\AndroidManifest.xml:250:13-49
	android:theme
		ADDED from src\main\AndroidManifest.xml:251:13-60
	android:name
		ADDED from src\main\AndroidManifest.xml:249:13-93
activity#ec.com.yacare.y4all.activities.portero.LlamadaEntrantePorteroActivity
ADDED from src\main\AndroidManifest.xml:254:9-258:20
	android:configChanges
		ADDED from src\main\AndroidManifest.xml:256:13-59
	android:theme
		ADDED from src\main\AndroidManifest.xml:257:13-66
	android:name
		ADDED from src\main\AndroidManifest.xml:255:13-97
receiver#com.google.android.gms.gcm.GcmReceiver
ADDED from src\main\AndroidManifest.xml:261:9-269:20
	android:exported
		ADDED from src\main\AndroidManifest.xml:263:13-36
	android:permission
		ADDED from src\main\AndroidManifest.xml:264:13-73
	android:name
		ADDED from src\main\AndroidManifest.xml:262:13-66
intent-filter#activities.riesgo.yacare.com.ec.appriesgo+com.google.android.c2dm.intent.RECEIVE
ADDED from src\main\AndroidManifest.xml:265:13-268:29
action#com.google.android.c2dm.intent.RECEIVE
ADDED from src\main\AndroidManifest.xml:266:17-81
	android:name
		ADDED from src\main\AndroidManifest.xml:266:25-78
category#activities.riesgo.yacare.com.ec.appriesgo
ADDED from src\main\AndroidManifest.xml:267:17-86
	android:name
		ADDED from src\main\AndroidManifest.xml:267:27-83
service#ec.com.yacare.y4all.gcm.MyGcmListenerService
ADDED from src\main\AndroidManifest.xml:273:9-279:19
	android:exported
		ADDED from src\main\AndroidManifest.xml:275:13-37
	android:name
		ADDED from src\main\AndroidManifest.xml:274:13-72
intent-filter#com.google.android.c2dm.intent.RECEIVE
ADDED from src\main\AndroidManifest.xml:276:13-278:29
service#ec.com.yacare.y4all.gcm.MyInstanceIDListenerService
ADDED from src\main\AndroidManifest.xml:282:9-288:19
	android:exported
		ADDED from src\main\AndroidManifest.xml:284:13-37
	android:name
		ADDED from src\main\AndroidManifest.xml:283:13-79
intent-filter#com.google.android.gms.iid.InstanceID
ADDED from src\main\AndroidManifest.xml:285:13-287:29
action#com.google.android.gms.iid.InstanceID
ADDED from src\main\AndroidManifest.xml:286:17-79
	android:name
		ADDED from src\main\AndroidManifest.xml:286:25-77
service#ec.com.yacare.y4all.gcm.RegistrationIntentService
ADDED from src\main\AndroidManifest.xml:290:9-293:19
	android:exported
		ADDED from src\main\AndroidManifest.xml:292:13-37
	android:name
		ADDED from src\main\AndroidManifest.xml:291:13-77
service#io.xlink.wifi.sdk.XlinkUdpService
ADDED from src\main\AndroidManifest.xml:295:9-69
	android:name
		ADDED from src\main\AndroidManifest.xml:295:18-66
service#io.xlink.wifi.sdk.XlinkTcpService
ADDED from src\main\AndroidManifest.xml:299:9-69
	android:name
		ADDED from src\main\AndroidManifest.xml:299:18-66
activity#com.google.android.gms.ads.AdActivity
ADDED from [com.google.android.gms:play-services-ads:7.8.0] AndroidManifest.xml:26:9-29:64
	android:configChanges
		ADDED from [com.google.android.gms:play-services-ads:7.8.0] AndroidManifest.xml:28:13-122
	android:theme
		ADDED from [com.google.android.gms:play-services-ads:7.8.0] AndroidManifest.xml:29:13-61
	android:name
		ADDED from [com.google.android.gms:play-services-ads:7.8.0] AndroidManifest.xml:27:13-65
activity#com.google.android.gms.ads.purchase.InAppPurchaseActivity
ADDED from [com.google.android.gms:play-services-ads:7.8.0] AndroidManifest.xml:30:9-31:52
	android:theme
		ADDED from [com.google.android.gms:play-services-ads:7.8.0] AndroidManifest.xml:31:13-50
	android:name
		ADDED from [com.google.android.gms:play-services-ads:7.8.0] AndroidManifest.xml:30:19-91
uses-permission#android.permission.USE_CREDENTIALS
ADDED from [com.google.android.gms:play-services-wallet:7.8.0] AndroidManifest.xml:22:5-73
	android:name
		ADDED from [com.google.android.gms:play-services-wallet:7.8.0] AndroidManifest.xml:22:22-71
uses-feature#0x00020000
ADDED from [com.google.android.gms:play-services-maps:7.8.0] AndroidManifest.xml:23:5-25:33
	android:glEsVersion
		ADDED from [com.google.android.gms:play-services-maps:7.8.0] AndroidManifest.xml:24:8-40
	android:required
		ADDED from [com.google.android.gms:play-services-maps:7.8.0] AndroidManifest.xml:25:8-31